-- The C compiler identification is GNU 13.3.0
-- The CXX compiler identification is GNU 13.3.0
-- Detecting C compiler ABI info
-- Detecting C compiler ABI info - done
-- Check for working C compiler: /usr/bin/cc - skipped
-- Detecting C compile features
-- Detecting C compile features - done
-- Detecting CXX compiler ABI info
-- Detecting CXX compiler ABI info - done
-- Check for working CXX compiler: /usr/bin/c++ - skipped
-- Detecting CXX compile features
-- Detecting CXX compile features - done
-- Found ament_cmake: 2.5.4 (/opt/ros/jazzy/share/ament_cmake/cmake)
-- Found Python3: /usr/bin/python3 (found version "3.12.3") found components: Interpreter 
-- Found rclcpp: 28.1.9 (/opt/ros/jazzy/share/rclcpp/cmake)
-- Found rosidl_generator_c: 4.6.5 (/opt/ros/jazzy/share/rosidl_generator_c/cmake)
-- Found rosidl_generator_cpp: 4.6.5 (/opt/ros/jazzy/share/rosidl_generator_cpp/cmake)
-- Using all available rosidl_typesupport_c: rosidl_typesupport_fastrtps_c;rosidl_typesupport_introspection_c
-- Using all available rosidl_typesupport_cpp: rosidl_typesupport_fastrtps_cpp;rosidl_typesupport_introspection_cpp
-- Found rmw_implementation_cmake: 7.3.2 (/opt/ros/jazzy/share/rmw_implementation_cmake/cmake)
-- Found rmw_fastrtps_cpp: 8.4.2 (/opt/ros/jazzy/share/rmw_fastrtps_cpp/cmake)
-- Found OpenSSL: /usr/lib/aarch64-linux-gnu/libcrypto.so (found version "3.0.13")  
-- Found FastRTPS: /opt/ros/jazzy/include (Required is at least version "2.13") 
-- Using RMW implementation 'rmw_fastrtps_cpp' as default
-- Found nav_msgs: 5.3.6 (/opt/ros/jazzy/share/nav_msgs/cmake)
-- Found tf2: 0.36.11 (/opt/ros/jazzy/share/tf2/cmake)
-- Found tf2_ros: 0.36.11 (/opt/ros/jazzy/share/tf2_ros/cmake)
-- Found tf2_geometry_msgs: 0.36.11 (/opt/ros/jazzy/share/tf2_geometry_msgs/cmake)
-- Found eigen3_cmake_module: 0.3.0 (/opt/ros/jazzy/share/eigen3_cmake_module/cmake)
-- Found Eigen3: TRUE (found version "3.4.0") 
-- Ensuring Eigen3 include directory is part of orocos-kdl CMake target
-- Configuring done (0.8s)
-- Generating done (0.0s)
-- Build files have been written to: /home/florianfaber/multifilter/multi_filter_pkg/ROS2Colcon/build/multi_filter_pkg
[ 50%] [32mBuilding CXX object CMakeFiles/multi_filter_node.dir/src/multi_filter_node.cpp.o[0m
[100%] [32m[1mLinking CXX executable multi_filter_node[0m
[100%] Built target multi_filter_node
-- Install configuration: ""
-- Installing: /home/florianfaber/multifilter/multi_filter_pkg/ROS2Colcon/install/multi_filter_pkg/lib/multi_filter_pkg/multi_filter_node
-- Set non-toolchain portion of runtime path of "/home/florianfaber/multifilter/multi_filter_pkg/ROS2Colcon/install/multi_filter_pkg/lib/multi_filter_pkg/multi_filter_node" to ""
-- Installing: /home/florianfaber/multifilter/multi_filter_pkg/ROS2Colcon/install/multi_filter_pkg/share/ament_index/resource_index/package_run_dependencies/multi_filter_pkg
-- Installing: /home/florianfaber/multifilter/multi_filter_pkg/ROS2Colcon/install/multi_filter_pkg/share/ament_index/resource_index/parent_prefix_path/multi_filter_pkg
-- Installing: /home/florianfaber/multifilter/multi_filter_pkg/ROS2Colcon/install/multi_filter_pkg/share/multi_filter_pkg/environment/ament_prefix_path.sh
-- Installing: /home/florianfaber/multifilter/multi_filter_pkg/ROS2Colcon/install/multi_filter_pkg/share/multi_filter_pkg/environment/ament_prefix_path.dsv
-- Installing: /home/florianfaber/multifilter/multi_filter_pkg/ROS2Colcon/install/multi_filter_pkg/share/multi_filter_pkg/environment/path.sh
-- Installing: /home/florianfaber/multifilter/multi_filter_pkg/ROS2Colcon/install/multi_filter_pkg/share/multi_filter_pkg/environment/path.dsv
-- Installing: /home/florianfaber/multifilter/multi_filter_pkg/ROS2Colcon/install/multi_filter_pkg/share/multi_filter_pkg/local_setup.bash
-- Installing: /home/florianfaber/multifilter/multi_filter_pkg/ROS2Colcon/install/multi_filter_pkg/share/multi_filter_pkg/local_setup.sh
-- Installing: /home/florianfaber/multifilter/multi_filter_pkg/ROS2Colcon/install/multi_filter_pkg/share/multi_filter_pkg/local_setup.zsh
-- Installing: /home/florianfaber/multifilter/multi_filter_pkg/ROS2Colcon/install/multi_filter_pkg/share/multi_filter_pkg/local_setup.dsv
-- Installing: /home/florianfaber/multifilter/multi_filter_pkg/ROS2Colcon/install/multi_filter_pkg/share/multi_filter_pkg/package.dsv
-- Installing: /home/florianfaber/multifilter/multi_filter_pkg/ROS2Colcon/install/multi_filter_pkg/share/ament_index/resource_index/packages/multi_filter_pkg
-- Installing: /home/florianfaber/multifilter/multi_filter_pkg/ROS2Colcon/install/multi_filter_pkg/share/multi_filter_pkg/cmake/multi_filter_pkgConfig.cmake
-- Installing: /home/florianfaber/multifilter/multi_filter_pkg/ROS2Colcon/install/multi_filter_pkg/share/multi_filter_pkg/cmake/multi_filter_pkgConfig-version.cmake
-- Installing: /home/florianfaber/multifilter/multi_filter_pkg/ROS2Colcon/install/multi_filter_pkg/share/multi_filter_pkg/package.xml
