[0.005s] Invoking command in '/home/florianfaber/multifilter/multi_filter_pkg/ROS2Colcon/build/multi_filter_pkg': CMAKE_PREFIX_PATH=${CMAKE_PREFIX_PATH}:/opt/ros/jazzy DEBUGINFOD_URLS=https://debuginfod.ubuntu.com /usr/bin/cmake /home/florianfaber/multifilter/multi_filter_pkg/ROS2Colcon/src/multi_filter_pkg -DCMAKE_INSTALL_PREFIX=/home/florianfaber/multifilter/multi_filter_pkg/ROS2Colcon/install/multi_filter_pkg
[0.041s] -- The C compiler identification is GNU 13.3.0
[0.078s] -- The CXX compiler identification is GNU 13.3.0
[0.090s] -- Detecting C compiler ABI info
[0.145s] -- Detecting C compiler ABI info - done
[0.152s] -- Check for working C compiler: /usr/bin/cc - skipped
[0.152s] -- Detecting C compile features
[0.152s] -- Detecting C compile features - done
[0.159s] -- Detecting CXX compiler ABI info
[0.214s] -- Detecting CXX compiler ABI info - done
[0.223s] -- Check for working CXX compiler: /usr/bin/c++ - skipped
[0.223s] -- Detecting CXX compile features
[0.223s] -- Detecting CXX compile features - done
[0.225s] -- Found ament_cmake: 2.5.4 (/opt/ros/jazzy/share/ament_cmake/cmake)
[0.315s] -- Found Python3: /usr/bin/python3 (found version "3.12.3") found components: Interpreter 
[0.383s] -- Found rclcpp: 28.1.9 (/opt/ros/jazzy/share/rclcpp/cmake)
[0.417s] -- Found rosidl_generator_c: 4.6.5 (/opt/ros/jazzy/share/rosidl_generator_c/cmake)
[0.428s] -- Found rosidl_generator_cpp: 4.6.5 (/opt/ros/jazzy/share/rosidl_generator_cpp/cmake)
[0.441s] -- Using all available rosidl_typesupport_c: rosidl_typesupport_fastrtps_c;rosidl_typesupport_introspection_c
[0.455s] -- Using all available rosidl_typesupport_cpp: rosidl_typesupport_fastrtps_cpp;rosidl_typesupport_introspection_cpp
[0.512s] -- Found rmw_implementation_cmake: 7.3.2 (/opt/ros/jazzy/share/rmw_implementation_cmake/cmake)
[0.515s] -- Found rmw_fastrtps_cpp: 8.4.2 (/opt/ros/jazzy/share/rmw_fastrtps_cpp/cmake)
[0.572s] -- Found OpenSSL: /usr/lib/aarch64-linux-gnu/libcrypto.so (found version "3.0.13")  
[0.587s] -- Found FastRTPS: /opt/ros/jazzy/include (Required is at least version "2.13") 
[0.604s] -- Using RMW implementation 'rmw_fastrtps_cpp' as default
[0.656s] -- Found nav_msgs: 5.3.6 (/opt/ros/jazzy/share/nav_msgs/cmake)
[0.698s] -- Found tf2: 0.36.11 (/opt/ros/jazzy/share/tf2/cmake)
[0.702s] -- Found tf2_ros: 0.36.11 (/opt/ros/jazzy/share/tf2_ros/cmake)
[0.791s] -- Found tf2_geometry_msgs: 0.36.11 (/opt/ros/jazzy/share/tf2_geometry_msgs/cmake)
[0.803s] -- Found eigen3_cmake_module: 0.3.0 (/opt/ros/jazzy/share/eigen3_cmake_module/cmake)
[0.804s] -- Found Eigen3: TRUE (found version "3.4.0") 
[0.805s] -- Ensuring Eigen3 include directory is part of orocos-kdl CMake target
[0.857s] -- Configuring done (0.8s)
[0.866s] -- Generating done (0.0s)
[0.869s] -- Build files have been written to: /home/florianfaber/multifilter/multi_filter_pkg/ROS2Colcon/build/multi_filter_pkg
[0.875s] Invoked command in '/home/florianfaber/multifilter/multi_filter_pkg/ROS2Colcon/build/multi_filter_pkg' returned '0': CMAKE_PREFIX_PATH=${CMAKE_PREFIX_PATH}:/opt/ros/jazzy DEBUGINFOD_URLS=https://debuginfod.ubuntu.com /usr/bin/cmake /home/florianfaber/multifilter/multi_filter_pkg/ROS2Colcon/src/multi_filter_pkg -DCMAKE_INSTALL_PREFIX=/home/florianfaber/multifilter/multi_filter_pkg/ROS2Colcon/install/multi_filter_pkg
[0.876s] Invoking command in '/home/florianfaber/multifilter/multi_filter_pkg/ROS2Colcon/build/multi_filter_pkg': CMAKE_PREFIX_PATH=${CMAKE_PREFIX_PATH}:/opt/ros/jazzy DEBUGINFOD_URLS=https://debuginfod.ubuntu.com /usr/bin/cmake --build /home/florianfaber/multifilter/multi_filter_pkg/ROS2Colcon/build/multi_filter_pkg -- -j8 -l8
[0.910s] [ 50%] [32mBuilding CXX object CMakeFiles/multi_filter_node.dir/src/multi_filter_node.cpp.o[0m
[7.068s] [100%] [32m[1mLinking CXX executable multi_filter_node[0m
[7.410s] [100%] Built target multi_filter_node
[7.418s] Invoked command in '/home/florianfaber/multifilter/multi_filter_pkg/ROS2Colcon/build/multi_filter_pkg' returned '0': CMAKE_PREFIX_PATH=${CMAKE_PREFIX_PATH}:/opt/ros/jazzy DEBUGINFOD_URLS=https://debuginfod.ubuntu.com /usr/bin/cmake --build /home/florianfaber/multifilter/multi_filter_pkg/ROS2Colcon/build/multi_filter_pkg -- -j8 -l8
[7.425s] Invoking command in '/home/florianfaber/multifilter/multi_filter_pkg/ROS2Colcon/build/multi_filter_pkg': CMAKE_PREFIX_PATH=${CMAKE_PREFIX_PATH}:/opt/ros/jazzy DEBUGINFOD_URLS=https://debuginfod.ubuntu.com /usr/bin/cmake --install /home/florianfaber/multifilter/multi_filter_pkg/ROS2Colcon/build/multi_filter_pkg
[7.429s] -- Install configuration: ""
[7.429s] -- Installing: /home/florianfaber/multifilter/multi_filter_pkg/ROS2Colcon/install/multi_filter_pkg/lib/multi_filter_pkg/multi_filter_node
[7.432s] -- Set non-toolchain portion of runtime path of "/home/florianfaber/multifilter/multi_filter_pkg/ROS2Colcon/install/multi_filter_pkg/lib/multi_filter_pkg/multi_filter_node" to ""
[7.432s] -- Installing: /home/florianfaber/multifilter/multi_filter_pkg/ROS2Colcon/install/multi_filter_pkg/share/ament_index/resource_index/package_run_dependencies/multi_filter_pkg
[7.432s] -- Installing: /home/florianfaber/multifilter/multi_filter_pkg/ROS2Colcon/install/multi_filter_pkg/share/ament_index/resource_index/parent_prefix_path/multi_filter_pkg
[7.432s] -- Installing: /home/florianfaber/multifilter/multi_filter_pkg/ROS2Colcon/install/multi_filter_pkg/share/multi_filter_pkg/environment/ament_prefix_path.sh
[7.433s] -- Installing: /home/florianfaber/multifilter/multi_filter_pkg/ROS2Colcon/install/multi_filter_pkg/share/multi_filter_pkg/environment/ament_prefix_path.dsv
[7.433s] -- Installing: /home/florianfaber/multifilter/multi_filter_pkg/ROS2Colcon/install/multi_filter_pkg/share/multi_filter_pkg/environment/path.sh
[7.433s] -- Installing: /home/florianfaber/multifilter/multi_filter_pkg/ROS2Colcon/install/multi_filter_pkg/share/multi_filter_pkg/environment/path.dsv
[7.433s] -- Installing: /home/florianfaber/multifilter/multi_filter_pkg/ROS2Colcon/install/multi_filter_pkg/share/multi_filter_pkg/local_setup.bash
[7.434s] -- Installing: /home/florianfaber/multifilter/multi_filter_pkg/ROS2Colcon/install/multi_filter_pkg/share/multi_filter_pkg/local_setup.sh
[7.434s] -- Installing: /home/florianfaber/multifilter/multi_filter_pkg/ROS2Colcon/install/multi_filter_pkg/share/multi_filter_pkg/local_setup.zsh
[7.434s] -- Installing: /home/florianfaber/multifilter/multi_filter_pkg/ROS2Colcon/install/multi_filter_pkg/share/multi_filter_pkg/local_setup.dsv
[7.434s] -- Installing: /home/florianfaber/multifilter/multi_filter_pkg/ROS2Colcon/install/multi_filter_pkg/share/multi_filter_pkg/package.dsv
[7.434s] -- Installing: /home/florianfaber/multifilter/multi_filter_pkg/ROS2Colcon/install/multi_filter_pkg/share/ament_index/resource_index/packages/multi_filter_pkg
[7.434s] -- Installing: /home/florianfaber/multifilter/multi_filter_pkg/ROS2Colcon/install/multi_filter_pkg/share/multi_filter_pkg/cmake/multi_filter_pkgConfig.cmake
[7.434s] -- Installing: /home/florianfaber/multifilter/multi_filter_pkg/ROS2Colcon/install/multi_filter_pkg/share/multi_filter_pkg/cmake/multi_filter_pkgConfig-version.cmake
[7.434s] -- Installing: /home/florianfaber/multifilter/multi_filter_pkg/ROS2Colcon/install/multi_filter_pkg/share/multi_filter_pkg/package.xml
[7.435s] Invoked command in '/home/florianfaber/multifilter/multi_filter_pkg/ROS2Colcon/build/multi_filter_pkg' returned '0': CMAKE_PREFIX_PATH=${CMAKE_PREFIX_PATH}:/opt/ros/jazzy DEBUGINFOD_URLS=https://debuginfod.ubuntu.com /usr/bin/cmake --install /home/florianfaber/multifilter/multi_filter_pkg/ROS2Colcon/build/multi_filter_pkg
